------------
Harp v0.20.1 – Chloi Inc. 2012–2015
Your server is listening at http://localhost:9000/
Press Ctl+C to stop the server
------------
Warning: missing space before text for line 5 of jade file "/home/ruioliveiras/dashboard/source.ruioliveiras.bitbucket.org/posts/index.jade"
------------
Harp v0.20.1 – Chloi Inc. 2012–2015
Your server is listening at http://localhost:9000/
Press Ctl+C to stop the server
------------
------------
Harp v0.20.1 – Chloi Inc. 2012–2015
Your server is listening at http://localhost:9000/
Press Ctl+C to stop the server
------------
------------
Harp v0.20.1 – Chloi Inc. 2012–2015
Your server is listening at http://localhost:9000/
Press Ctl+C to stop the server
------------
